2024-02-07 19:27:44.914 [INF] App server is starting.
2024-02-07 19:28:35.465 [INF] LogErrorHandlerMiddleware.Invoke
2024-02-07 19:28:35.468 [INF] HeartBeat
2024-02-07 19:28:35.469 [INF] LogRequestLoggingMiddleware.Invoke
2024-02-07 19:28:36.073 [WRN] The 'bool' property 'IsActive' on entity type 'Address' is configured with a database-generated default. This default will always be used for inserts when the property has the value 'false', since this is the CLR default for the 'bool' type. Consider using the nullable 'bool?' type instead, so that the default will only be used for inserts when the property value is 'null'.
2024-02-07 19:28:36.076 [WRN] The 'bool' property 'IsActive' on entity type 'Order' is configured with a database-generated default. This default will always be used for inserts when the property has the value 'false', since this is the CLR default for the 'bool' type. Consider using the nullable 'bool?' type instead, so that the default will only be used for inserts when the property value is 'null'.
2024-02-07 19:28:36.077 [WRN] The 'bool' property 'IsActive' on entity type 'User' is configured with a database-generated default. This default will always be used for inserts when the property has the value 'false', since this is the CLR default for the 'bool' type. Consider using the nullable 'bool?' type instead, so that the default will only be used for inserts when the property value is 'null'.
2024-02-07 19:28:36.082 [WRN] No store type was specified for the decimal property 'Price' on entity type 'Product'. This will cause values to be silently truncated if they do not fit in the default precision and scale. Explicitly specify the SQL server column type that can accommodate all the values in 'OnModelCreating' using 'HasColumnType', specify precision and scale using 'HasPrecision', or configure a value converter using 'HasConversion'.
2024-02-07 19:28:36.588 [INF] -------------Request-Begin------------
2024-02-07 19:28:36.589 [INF] Http Request Information: 
Schema:https 
Host: localhost:50000 
Path: /vk/api/v1/Users 
QueryString:  
Request Body: {
  "email": "user@gmail.com",
  "password": "user",
  "fullName": "user user",
  "profit": 10,
  "role": "user",
  "credit": 5000
}
2024-02-07 19:28:36.590 [INF] 

2024-02-07 19:28:36.591 [INF] Http Response Information: 
Schema:https 
Host: localhost:50000 
Path: /vk/api/v1/Users 
QueryString:  
StatusCode: 200 
Response Body: {"success":true,"message":"Success","response":{"id":4,"email":"user@gmail.com","fullName":"user user","profit":10,"role":"user","credit":5000,"addresses":[],"orders":[]}}
2024-02-07 19:28:36.592 [INF] -------------Request-End------------
2024-02-07 19:28:50.983 [INF] App server is starting.
2024-02-07 19:30:10.911 [INF] App server is starting.
2024-02-07 19:32:12.325 [INF] App server is starting.
2024-02-07 19:33:18.079 [INF] App server is starting.
2024-02-07 19:33:22.796 [INF] LogErrorHandlerMiddleware.Invoke
2024-02-07 19:33:22.799 [INF] HeartBeat
2024-02-07 19:33:22.800 [INF] LogRequestLoggingMiddleware.Invoke
2024-02-07 19:33:22.910 [INF] -------------Request-Begin------------
2024-02-07 19:33:22.910 [INF] Http Request Information: 
Schema:https 
Host: localhost:50000 
Path: /vk/api/v1/Token 
QueryString:  
Request Body: {"email":"asd","password":"asd"}
2024-02-07 19:33:22.911 [INF] 

2024-02-07 19:33:22.912 [INF] Http Response Information: 
Schema:https 
Host: localhost:50000 
Path: /vk/api/v1/Token 
QueryString:  
StatusCode: 400 
Response Body: {"type":"https://tools.ietf.org/html/rfc7231#section-6.5.1","title":"One or more validation errors occurred.","status":400,"traceId":"00-14519756bcb2cefe75f42b2688802ee9-ccea8c453ff1860b-00","errors":{"Password":["Password is required."]}}
2024-02-07 19:33:22.912 [INF] -------------Request-End------------
2024-02-07 19:33:26.233 [INF] LogErrorHandlerMiddleware.Invoke
2024-02-07 19:33:26.234 [INF] HeartBeat
2024-02-07 19:33:26.235 [INF] LogRequestLoggingMiddleware.Invoke
2024-02-07 19:33:26.241 [INF] -------------Request-Begin------------
2024-02-07 19:33:26.241 [INF] Http Request Information: 
Schema:https 
Host: localhost:50000 
Path: /vk/api/v1/Token 
QueryString:  
Request Body: {"email":"asd","password":"asd"}
2024-02-07 19:33:26.243 [INF] 

2024-02-07 19:33:26.243 [INF] Http Response Information: 
Schema:https 
Host: localhost:50000 
Path: /vk/api/v1/Token 
QueryString:  
StatusCode: 400 
Response Body: {"type":"https://tools.ietf.org/html/rfc7231#section-6.5.1","title":"One or more validation errors occurred.","status":400,"traceId":"00-135d409ee5fe0e2c61c763af02700dae-748d40ca0f8e3198-00","errors":{"Password":["Password is required."]}}
2024-02-07 19:33:26.244 [INF] -------------Request-End------------
2024-02-07 19:33:36.983 [INF] LogErrorHandlerMiddleware.Invoke
2024-02-07 19:33:36.984 [INF] HeartBeat
2024-02-07 19:33:36.984 [INF] LogRequestLoggingMiddleware.Invoke
2024-02-07 19:33:36.988 [INF] -------------Request-Begin------------
2024-02-07 19:33:36.989 [INF] Http Request Information: 
Schema:https 
Host: localhost:50000 
Path: /vk/api/v1/Token 
QueryString:  
Request Body: {
  "email": "user@gmail.com",
  "password": "user"
}
2024-02-07 19:33:36.990 [INF] 

2024-02-07 19:33:36.991 [INF] Http Response Information: 
Schema:https 
Host: localhost:50000 
Path: /vk/api/v1/Token 
QueryString:  
StatusCode: 400 
Response Body: {"type":"https://tools.ietf.org/html/rfc7231#section-6.5.1","title":"One or more validation errors occurred.","status":400,"traceId":"00-6c67c7cbd2407758112ba47054780f45-a34f8f85246a02d8-00","errors":{"Password":["Password is required."]}}
2024-02-07 19:33:36.992 [INF] -------------Request-End------------
2024-02-07 19:33:49.391 [INF] LogErrorHandlerMiddleware.Invoke
2024-02-07 19:33:49.392 [INF] HeartBeat
2024-02-07 19:33:49.392 [INF] LogRequestLoggingMiddleware.Invoke
2024-02-07 19:33:49.834 [WRN] The 'bool' property 'IsActive' on entity type 'Address' is configured with a database-generated default. This default will always be used for inserts when the property has the value 'false', since this is the CLR default for the 'bool' type. Consider using the nullable 'bool?' type instead, so that the default will only be used for inserts when the property value is 'null'.
2024-02-07 19:33:49.837 [WRN] The 'bool' property 'IsActive' on entity type 'Order' is configured with a database-generated default. This default will always be used for inserts when the property has the value 'false', since this is the CLR default for the 'bool' type. Consider using the nullable 'bool?' type instead, so that the default will only be used for inserts when the property value is 'null'.
2024-02-07 19:33:49.838 [WRN] The 'bool' property 'IsActive' on entity type 'User' is configured with a database-generated default. This default will always be used for inserts when the property has the value 'false', since this is the CLR default for the 'bool' type. Consider using the nullable 'bool?' type instead, so that the default will only be used for inserts when the property value is 'null'.
2024-02-07 19:33:49.844 [WRN] No store type was specified for the decimal property 'Price' on entity type 'Product'. This will cause values to be silently truncated if they do not fit in the default precision and scale. Explicitly specify the SQL server column type that can accommodate all the values in 'OnModelCreating' using 'HasColumnType', specify precision and scale using 'HasPrecision', or configure a value converter using 'HasConversion'.
2024-02-07 19:33:50.470 [INF] -------------Request-Begin------------
2024-02-07 19:33:50.471 [INF] Http Request Information: 
Schema:https 
Host: localhost:50000 
Path: /vk/api/v1/Token 
QueryString:  
Request Body: {
  "email": "user@gmail.com",
  "password": "userr"
}
2024-02-07 19:33:50.473 [INF] 

2024-02-07 19:33:50.474 [INF] Http Response Information: 
Schema:https 
Host: localhost:50000 
Path: /vk/api/v1/Token 
QueryString:  
StatusCode: 200 
Response Body: {"success":false,"message":"Invalid user informations","response":null}
2024-02-07 19:33:50.475 [INF] -------------Request-End------------
2024-02-07 19:33:56.245 [INF] LogErrorHandlerMiddleware.Invoke
2024-02-07 19:33:56.246 [INF] HeartBeat
2024-02-07 19:33:56.247 [INF] LogRequestLoggingMiddleware.Invoke
2024-02-07 19:33:56.249 [INF] -------------Request-Begin------------
2024-02-07 19:33:56.250 [INF] Http Request Information: 
Schema:https 
Host: localhost:50000 
Path: /vk/api/v1/Token 
QueryString:  
Request Body: {
  "email": "user@gmail.com",
  "password": "user"
}
2024-02-07 19:33:56.251 [INF] 

2024-02-07 19:33:56.252 [INF] Http Response Information: 
Schema:https 
Host: localhost:50000 
Path: /vk/api/v1/Token 
QueryString:  
StatusCode: 400 
Response Body: {"type":"https://tools.ietf.org/html/rfc7231#section-6.5.1","title":"One or more validation errors occurred.","status":400,"traceId":"00-ff6ee1ccb048234681531c461d7b2abf-4fdfdbd4fa6c341e-00","errors":{"Password":["Password is required."]}}
2024-02-07 19:33:56.253 [INF] -------------Request-End------------
2024-02-07 19:34:36.324 [INF] App server is starting.
2024-02-07 19:34:53.524 [INF] LogErrorHandlerMiddleware.Invoke
2024-02-07 19:34:53.526 [INF] HeartBeat
2024-02-07 19:34:53.527 [INF] LogRequestLoggingMiddleware.Invoke
2024-02-07 19:34:54.032 [WRN] The 'bool' property 'IsActive' on entity type 'Address' is configured with a database-generated default. This default will always be used for inserts when the property has the value 'false', since this is the CLR default for the 'bool' type. Consider using the nullable 'bool?' type instead, so that the default will only be used for inserts when the property value is 'null'.
2024-02-07 19:34:54.034 [WRN] The 'bool' property 'IsActive' on entity type 'Order' is configured with a database-generated default. This default will always be used for inserts when the property has the value 'false', since this is the CLR default for the 'bool' type. Consider using the nullable 'bool?' type instead, so that the default will only be used for inserts when the property value is 'null'.
2024-02-07 19:34:54.035 [WRN] The 'bool' property 'IsActive' on entity type 'User' is configured with a database-generated default. This default will always be used for inserts when the property has the value 'false', since this is the CLR default for the 'bool' type. Consider using the nullable 'bool?' type instead, so that the default will only be used for inserts when the property value is 'null'.
2024-02-07 19:34:54.039 [WRN] No store type was specified for the decimal property 'Price' on entity type 'Product'. This will cause values to be silently truncated if they do not fit in the default precision and scale. Explicitly specify the SQL server column type that can accommodate all the values in 'OnModelCreating' using 'HasColumnType', specify precision and scale using 'HasPrecision', or configure a value converter using 'HasConversion'.
2024-02-07 19:34:54.614 [INF] -------------Request-Begin------------
2024-02-07 19:34:54.615 [INF] Http Request Information: 
Schema:https 
Host: localhost:50000 
Path: /vk/api/v1/Token 
QueryString:  
Request Body: {"email":"user@gmail.com","password":"admin"}
2024-02-07 19:34:54.616 [INF] 

2024-02-07 19:34:54.616 [INF] Http Response Information: 
Schema:https 
Host: localhost:50000 
Path: /vk/api/v1/Token 
QueryString:  
StatusCode: 200 
Response Body: {"success":true,"message":"Success","response":{"expireDate":"2024-02-07T19:39:54.6000037+03:00","token":"eyJhbGciOiJodHRwOi8vd3d3LnczLm9yZy8yMDAxLzA0L3htbGRzaWctbW9yZSNobWFjLXNoYTI1NiIsInR5cCI6IkpXVCJ9.eyJJZCI6IjQiLCJSb2xlIjoidXNlciIsIkVtYWlsIjoidXNlckBnbWFpbC5jb20iLCJodHRwOi8vc2NoZW1hcy5taWNyb3NvZnQuY29tL3dzLzIwMDgvMDYvaWRlbnRpdHkvY2xhaW1zL3JvbGUiOiJ1c2VyIiwiRnVsbE5hbWUiOiJ1c2VyIHVzZXIiLCJleHAiOjE3MDczNDE2OTQsImlzcyI6IlZrQXBpIiwiYXVkIjoiVmtBcGkifQ.J6Tin8y6eNqoQwA4oMtvuAyQbu8-1VTafyRB8NLuOtI","email":"user@gmail.com","fullName":"user user","id":4,"role":"user"}}
2024-02-07 19:34:54.618 [INF] -------------Request-End------------
2024-02-07 20:16:08.738 [INF] LogErrorHandlerMiddleware.Invoke
2024-02-07 20:16:08.738 [INF] HeartBeat
2024-02-07 20:16:08.739 [INF] LogRequestLoggingMiddleware.Invoke
2024-02-07 20:16:08.793 [INF] -------------Request-Begin------------
2024-02-07 20:16:08.793 [INF] Http Request Information: 
Schema:https 
Host: localhost:50000 
Path: /vk/api/v1/Token 
QueryString:  
Request Body: {"email":"asdasdasd","password":"asdasdasd"}
2024-02-07 20:16:08.794 [INF] 

2024-02-07 20:16:08.795 [INF] Http Response Information: 
Schema:https 
Host: localhost:50000 
Path: /vk/api/v1/Token 
QueryString:  
StatusCode: 200 
Response Body: {"success":false,"message":"Invalid user informations","response":null}
2024-02-07 20:16:08.796 [INF] -------------Request-End------------
2024-02-07 20:23:52.464 [INF] LogErrorHandlerMiddleware.Invoke
2024-02-07 20:23:52.465 [INF] HeartBeat
2024-02-07 20:23:52.466 [INF] LogRequestLoggingMiddleware.Invoke
2024-02-07 20:23:52.476 [INF] -------------Request-Begin------------
2024-02-07 20:23:52.477 [INF] Http Request Information: 
Schema:https 
Host: localhost:50000 
Path: /vk/api/v1/Token 
QueryString:  
Request Body: {"email":"user@gmail.com","password":"user"}
2024-02-07 20:23:52.478 [INF] 

2024-02-07 20:23:52.479 [INF] Http Response Information: 
Schema:https 
Host: localhost:50000 
Path: /vk/api/v1/Token 
QueryString:  
StatusCode: 400 
Response Body: {"type":"https://tools.ietf.org/html/rfc7231#section-6.5.1","title":"One or more validation errors occurred.","status":400,"traceId":"00-b1b4b6e1c84fae745f83fd4b4eac7ea3-8f9f580afe503e04-00","errors":{"Password":["Password is required."]}}
2024-02-07 20:23:52.480 [INF] -------------Request-End------------
2024-02-07 20:24:05.460 [INF] LogErrorHandlerMiddleware.Invoke
2024-02-07 20:24:05.461 [INF] HeartBeat
2024-02-07 20:24:05.461 [INF] LogRequestLoggingMiddleware.Invoke
2024-02-07 20:24:05.492 [INF] -------------Request-Begin------------
2024-02-07 20:24:05.493 [INF] Http Request Information: 
Schema:https 
Host: localhost:50000 
Path: /vk/api/v1/Token 
QueryString:  
Request Body: {"email":"user@gmail.com","password":"admin"}
2024-02-07 20:24:05.494 [INF] 

2024-02-07 20:24:05.495 [INF] Http Response Information: 
Schema:https 
Host: localhost:50000 
Path: /vk/api/v1/Token 
QueryString:  
StatusCode: 200 
Response Body: {"success":true,"message":"Success","response":{"expireDate":"2024-02-07T20:29:05.492278+03:00","token":"eyJhbGciOiJodHRwOi8vd3d3LnczLm9yZy8yMDAxLzA0L3htbGRzaWctbW9yZSNobWFjLXNoYTI1NiIsInR5cCI6IkpXVCJ9.eyJJZCI6IjQiLCJSb2xlIjoidXNlciIsIkVtYWlsIjoidXNlckBnbWFpbC5jb20iLCJodHRwOi8vc2NoZW1hcy5taWNyb3NvZnQuY29tL3dzLzIwMDgvMDYvaWRlbnRpdHkvY2xhaW1zL3JvbGUiOiJ1c2VyIiwiRnVsbE5hbWUiOiJ1c2VyIHVzZXIiLCJleHAiOjE3MDczNDQ2NDUsImlzcyI6IlZrQXBpIiwiYXVkIjoiVmtBcGkifQ.VnafUgr_J5Myd3i24q9bz7tWr7wbi4y8VYkg7EIg4B0","email":"user@gmail.com","fullName":"user user","id":4,"role":"user"}}
2024-02-07 20:24:05.496 [INF] -------------Request-End------------
2024-02-07 20:28:41.302 [INF] LogErrorHandlerMiddleware.Invoke
2024-02-07 20:28:41.303 [INF] HeartBeat
2024-02-07 20:28:41.304 [INF] LogRequestLoggingMiddleware.Invoke
2024-02-07 20:28:41.322 [INF] -------------Request-Begin------------
2024-02-07 20:28:41.323 [INF] Http Request Information: 
Schema:https 
Host: localhost:50000 
Path: /vk/api/v1/Token 
QueryString:  
Request Body: {"email":"user@gmail.com","password":"admin"}
2024-02-07 20:28:41.324 [INF] 

2024-02-07 20:28:41.325 [INF] Http Response Information: 
Schema:https 
Host: localhost:50000 
Path: /vk/api/v1/Token 
QueryString:  
StatusCode: 200 
Response Body: {"success":true,"message":"Success","response":{"expireDate":"2024-02-07T20:33:41.3224591+03:00","token":"eyJhbGciOiJodHRwOi8vd3d3LnczLm9yZy8yMDAxLzA0L3htbGRzaWctbW9yZSNobWFjLXNoYTI1NiIsInR5cCI6IkpXVCJ9.eyJJZCI6IjQiLCJSb2xlIjoidXNlciIsIkVtYWlsIjoidXNlckBnbWFpbC5jb20iLCJodHRwOi8vc2NoZW1hcy5taWNyb3NvZnQuY29tL3dzLzIwMDgvMDYvaWRlbnRpdHkvY2xhaW1zL3JvbGUiOiJ1c2VyIiwiRnVsbE5hbWUiOiJ1c2VyIHVzZXIiLCJleHAiOjE3MDczNDQ5MjEsImlzcyI6IlZrQXBpIiwiYXVkIjoiVmtBcGkifQ.dfzTeBppgPO9BQqeXmcQSwtWHjjlX7rr7-udVD-Cwy0","email":"user@gmail.com","fullName":"user user","id":4,"role":"user"}}
2024-02-07 20:28:41.326 [INF] -------------Request-End------------
2024-02-07 20:41:04.751 [INF] LogErrorHandlerMiddleware.Invoke
2024-02-07 20:41:04.751 [INF] HeartBeat
2024-02-07 20:41:04.752 [INF] LogRequestLoggingMiddleware.Invoke
2024-02-07 20:41:04.772 [INF] -------------Request-Begin------------
2024-02-07 20:41:04.772 [INF] Http Request Information: 
Schema:https 
Host: localhost:50000 
Path: /vk/api/v1/Token 
QueryString:  
Request Body: {"email":"admin@gmail.com","password":"admin"}
2024-02-07 20:41:04.774 [INF] 

2024-02-07 20:41:04.774 [INF] Http Response Information: 
Schema:https 
Host: localhost:50000 
Path: /vk/api/v1/Token 
QueryString:  
StatusCode: 200 
Response Body: {"success":true,"message":"Success","response":{"expireDate":"2024-02-07T20:46:04.7718448+03:00","token":"eyJhbGciOiJodHRwOi8vd3d3LnczLm9yZy8yMDAxLzA0L3htbGRzaWctbW9yZSNobWFjLXNoYTI1NiIsInR5cCI6IkpXVCJ9.eyJJZCI6IjEiLCJSb2xlIjoiYWRtaW4iLCJFbWFpbCI6ImFkbWluQGdtYWlsLmNvbSIsImh0dHA6Ly9zY2hlbWFzLm1pY3Jvc29mdC5jb20vd3MvMjAwOC8wNi9pZGVudGl0eS9jbGFpbXMvcm9sZSI6ImFkbWluIiwiRnVsbE5hbWUiOiJBZG1pbiIsImV4cCI6MTcwNzM0NTY2NCwiaXNzIjoiVmtBcGkiLCJhdWQiOiJWa0FwaSJ9.jkXF9r-gVDoH14O1sFJLYoqIXOVu4iE3JrTMW6Sp3_g","email":"admin@gmail.com","fullName":"Admin","id":1,"role":"admin"}}
2024-02-07 20:41:04.776 [INF] -------------Request-End------------
2024-02-07 20:57:32.725 [INF] LogErrorHandlerMiddleware.Invoke
2024-02-07 20:57:32.725 [INF] HeartBeat
2024-02-07 20:57:32.726 [INF] LogRequestLoggingMiddleware.Invoke
2024-02-07 20:57:32.749 [INF] -------------Request-Begin------------
2024-02-07 20:57:32.750 [INF] Http Request Information: 
Schema:https 
Host: localhost:50000 
Path: /vk/api/v1/Token 
QueryString:  
Request Body: {"email":"user@gmail.com","password":"admin"}
2024-02-07 20:57:32.751 [INF] 

2024-02-07 20:57:32.752 [INF] Http Response Information: 
Schema:https 
Host: localhost:50000 
Path: /vk/api/v1/Token 
QueryString:  
StatusCode: 200 
Response Body: {"success":true,"message":"Success","response":{"expireDate":"2024-02-07T21:02:32.7492739+03:00","token":"eyJhbGciOiJodHRwOi8vd3d3LnczLm9yZy8yMDAxLzA0L3htbGRzaWctbW9yZSNobWFjLXNoYTI1NiIsInR5cCI6IkpXVCJ9.eyJJZCI6IjQiLCJSb2xlIjoidXNlciIsIkVtYWlsIjoidXNlckBnbWFpbC5jb20iLCJodHRwOi8vc2NoZW1hcy5taWNyb3NvZnQuY29tL3dzLzIwMDgvMDYvaWRlbnRpdHkvY2xhaW1zL3JvbGUiOiJ1c2VyIiwiRnVsbE5hbWUiOiJ1c2VyIHVzZXIiLCJleHAiOjE3MDczNDY2NTIsImlzcyI6IlZrQXBpIiwiYXVkIjoiVmtBcGkifQ.QpGWJnhTcUkKjDMzEWSz-MQlcHa_zTvqOd7DVUSsm44","email":"user@gmail.com","fullName":"user user","id":4,"role":"user"}}
2024-02-07 20:57:32.753 [INF] -------------Request-End------------
2024-02-07 20:59:38.176 [INF] LogErrorHandlerMiddleware.Invoke
2024-02-07 20:59:38.177 [INF] HeartBeat
2024-02-07 20:59:38.178 [INF] LogRequestLoggingMiddleware.Invoke
2024-02-07 20:59:38.182 [INF] -------------Request-Begin------------
2024-02-07 20:59:38.183 [INF] Http Request Information: 
Schema:https 
Host: localhost:50000 
Path: /vk/api/v1/Token 
QueryString:  
Request Body: {"email":"admin@gmail.com","password":"admin"}
2024-02-07 20:59:38.184 [INF] 

2024-02-07 20:59:38.185 [INF] Http Response Information: 
Schema:https 
Host: localhost:50000 
Path: /vk/api/v1/Token 
QueryString:  
StatusCode: 200 
Response Body: {"success":true,"message":"Success","response":{"expireDate":"2024-02-07T21:04:38.1824323+03:00","token":"eyJhbGciOiJodHRwOi8vd3d3LnczLm9yZy8yMDAxLzA0L3htbGRzaWctbW9yZSNobWFjLXNoYTI1NiIsInR5cCI6IkpXVCJ9.eyJJZCI6IjEiLCJSb2xlIjoiYWRtaW4iLCJFbWFpbCI6ImFkbWluQGdtYWlsLmNvbSIsImh0dHA6Ly9zY2hlbWFzLm1pY3Jvc29mdC5jb20vd3MvMjAwOC8wNi9pZGVudGl0eS9jbGFpbXMvcm9sZSI6ImFkbWluIiwiRnVsbE5hbWUiOiJBZG1pbiIsImV4cCI6MTcwNzM0Njc3OCwiaXNzIjoiVmtBcGkiLCJhdWQiOiJWa0FwaSJ9.9DnZtuBTAF6OnSiYo0nE7TlAZ_KdGutKxT_D1QKvWGM","email":"admin@gmail.com","fullName":"Admin","id":1,"role":"admin"}}
2024-02-07 20:59:38.186 [INF] -------------Request-End------------
2024-02-07 21:54:03.837 [INF] LogErrorHandlerMiddleware.Invoke
2024-02-07 21:54:03.838 [INF] HeartBeat
2024-02-07 21:54:03.838 [INF] LogRequestLoggingMiddleware.Invoke
2024-02-07 21:54:03.851 [INF] -------------Request-Begin------------
2024-02-07 21:54:03.852 [INF] Http Request Information: 
Schema:https 
Host: localhost:50000 
Path: /vk/api/v1/Token 
QueryString:  
Request Body: {"email":"admin@gmail.com","password":"admin"}
2024-02-07 21:54:03.853 [INF] 

2024-02-07 21:54:03.854 [INF] Http Response Information: 
Schema:https 
Host: localhost:50000 
Path: /vk/api/v1/Token 
QueryString:  
StatusCode: 200 
Response Body: {"success":true,"message":"Success","response":{"expireDate":"2024-02-07T21:59:03.8512839+03:00","token":"eyJhbGciOiJodHRwOi8vd3d3LnczLm9yZy8yMDAxLzA0L3htbGRzaWctbW9yZSNobWFjLXNoYTI1NiIsInR5cCI6IkpXVCJ9.eyJJZCI6IjEiLCJSb2xlIjoiYWRtaW4iLCJFbWFpbCI6ImFkbWluQGdtYWlsLmNvbSIsImh0dHA6Ly9zY2hlbWFzLm1pY3Jvc29mdC5jb20vd3MvMjAwOC8wNi9pZGVudGl0eS9jbGFpbXMvcm9sZSI6ImFkbWluIiwiRnVsbE5hbWUiOiJBZG1pbiIsImV4cCI6MTcwNzM1MDA0MywiaXNzIjoiVmtBcGkiLCJhdWQiOiJWa0FwaSJ9.15iH2sjnnQCpO_RAHoNyby6gAi1OTZfk98MbIMlF-tU","email":"admin@gmail.com","fullName":"Admin","id":1,"role":"admin"}}
2024-02-07 21:54:03.855 [INF] -------------Request-End------------
2024-02-07 22:30:25.399 [INF] LogErrorHandlerMiddleware.Invoke
2024-02-07 22:30:25.400 [INF] HeartBeat
2024-02-07 22:30:25.400 [INF] LogRequestLoggingMiddleware.Invoke
2024-02-07 22:30:25.413 [INF] -------------Request-Begin------------
2024-02-07 22:30:25.414 [INF] Http Request Information: 
Schema:https 
Host: localhost:50000 
Path: /vk/api/v1/Token 
QueryString:  
Request Body: {"email":"user@gmail.com","password":"admin"}
2024-02-07 22:30:25.415 [INF] 

2024-02-07 22:30:25.415 [INF] Http Response Information: 
Schema:https 
Host: localhost:50000 
Path: /vk/api/v1/Token 
QueryString:  
StatusCode: 200 
Response Body: {"success":true,"message":"Success","response":{"expireDate":"2024-02-07T22:35:25.4130446+03:00","token":"eyJhbGciOiJodHRwOi8vd3d3LnczLm9yZy8yMDAxLzA0L3htbGRzaWctbW9yZSNobWFjLXNoYTI1NiIsInR5cCI6IkpXVCJ9.eyJJZCI6IjQiLCJSb2xlIjoidXNlciIsIkVtYWlsIjoidXNlckBnbWFpbC5jb20iLCJodHRwOi8vc2NoZW1hcy5taWNyb3NvZnQuY29tL3dzLzIwMDgvMDYvaWRlbnRpdHkvY2xhaW1zL3JvbGUiOiJ1c2VyIiwiRnVsbE5hbWUiOiJ1c2VyIHVzZXIiLCJleHAiOjE3MDczNTIyMjUsImlzcyI6IlZrQXBpIiwiYXVkIjoiVmtBcGkifQ.eFJW16hK2T-diJ5Qwl1Aj156yNVScvdEZQq4q51SaJQ","email":"user@gmail.com","fullName":"user user","id":4,"role":"user"}}
2024-02-07 22:30:25.417 [INF] -------------Request-End------------
2024-02-07 23:11:37.894 [INF] App server is starting.
2024-02-07 23:11:43.364 [INF] LogErrorHandlerMiddleware.Invoke
2024-02-07 23:11:43.366 [INF] HeartBeat
2024-02-07 23:11:43.367 [INF] LogRequestLoggingMiddleware.Invoke
2024-02-07 23:11:44.106 [WRN] The 'bool' property 'IsActive' on entity type 'Address' is configured with a database-generated default. This default will always be used for inserts when the property has the value 'false', since this is the CLR default for the 'bool' type. Consider using the nullable 'bool?' type instead, so that the default will only be used for inserts when the property value is 'null'.
2024-02-07 23:11:44.109 [WRN] The 'bool' property 'IsActive' on entity type 'Order' is configured with a database-generated default. This default will always be used for inserts when the property has the value 'false', since this is the CLR default for the 'bool' type. Consider using the nullable 'bool?' type instead, so that the default will only be used for inserts when the property value is 'null'.
2024-02-07 23:11:44.110 [WRN] The 'bool' property 'IsActive' on entity type 'User' is configured with a database-generated default. This default will always be used for inserts when the property has the value 'false', since this is the CLR default for the 'bool' type. Consider using the nullable 'bool?' type instead, so that the default will only be used for inserts when the property value is 'null'.
2024-02-07 23:11:44.114 [WRN] No store type was specified for the decimal property 'Price' on entity type 'Product'. This will cause values to be silently truncated if they do not fit in the default precision and scale. Explicitly specify the SQL server column type that can accommodate all the values in 'OnModelCreating' using 'HasColumnType', specify precision and scale using 'HasPrecision', or configure a value converter using 'HasConversion'.
2024-02-07 23:11:45.019 [INF] -------------Request-Begin------------
2024-02-07 23:11:45.020 [INF] Http Request Information: 
Schema:https 
Host: localhost:50000 
Path: /vk/api/v1/Token 
QueryString:  
Request Body: {"email":"user@gmail.com","password":"admin"}
2024-02-07 23:11:45.021 [INF] 

2024-02-07 23:11:45.022 [INF] Http Response Information: 
Schema:https 
Host: localhost:50000 
Path: /vk/api/v1/Token 
QueryString:  
StatusCode: 200 
Response Body: {"success":true,"message":"Success","response":{"expireDate":"2024-02-07T23:16:45.0043203+03:00","token":"eyJhbGciOiJodHRwOi8vd3d3LnczLm9yZy8yMDAxLzA0L3htbGRzaWctbW9yZSNobWFjLXNoYTI1NiIsInR5cCI6IkpXVCJ9.eyJJZCI6IjQiLCJSb2xlIjoidXNlciIsIkVtYWlsIjoidXNlckBnbWFpbC5jb20iLCJodHRwOi8vc2NoZW1hcy5taWNyb3NvZnQuY29tL3dzLzIwMDgvMDYvaWRlbnRpdHkvY2xhaW1zL3JvbGUiOiJ1c2VyIiwiRnVsbE5hbWUiOiJ1c2VyIHVzZXIiLCJleHAiOjE3MDczNTQ3MDQsImlzcyI6IlZrQXBpIiwiYXVkIjoiVmtBcGkifQ.SWH-DX-mDx2--ua0Qifrl_f4Be70qxwVmPDue0uipFA","email":"user@gmail.com","fullName":"user user","id":4,"role":"user"}}
2024-02-07 23:11:45.023 [INF] -------------Request-End------------
